                                   MODFLOW 6
                U.S. GEOLOGICAL SURVEY MODULAR HYDROLOGIC MODEL
                            VERSION 6.2.2 07/30/2021

   MODFLOW 6 compiled Jul 31 2021 14:59:11 with IFORT compiler (ver. 20.21.2)

This software has been approved for release by the U.S. Geological 
Survey (USGS). Although the software has been subjected to rigorous 
review, the USGS reserves the right to update the software as needed 
pursuant to further analysis and review. No warranty, expressed or 
implied, is made by the USGS or the U.S. Government as to the 
functionality of the software and related material nor shall the 
fact of release constitute any such warranty. Furthermore, the 
software is released on condition that neither the USGS nor the U.S. 
Government shall be held liable for any damages resulting from its 
authorized or unauthorized use. Also refer to the USGS Water 
Resources Software User Rights Notice for complete use, copyright, 
and distribution information.

 
 Run start date and time (yyyy/mm/dd hh:mm:ss): 2022/10/31 11:56:58
 
 Writing simulation list file: mfsim.lst
 Using Simulation name file: mfsim.nam
 
    Solving:  Stress period:     1    Time step:     1
    Solving:  Stress period:     2    Time step:     1
    Solving:  Stress period:     3    Time step:     1
    Solving:  Stress period:     4    Time step:     1
    Solving:  Stress period:     5    Time step:     1
 
 Run end date and time (yyyy/mm/dd hh:mm:ss): 2022/10/31 11:58:23
 Elapsed run time:  1 Minutes, 25.263 Seconds
 
 Normal termination of simulation.
