                                   MODFLOW 6
                U.S. GEOLOGICAL SURVEY MODULAR HYDROLOGIC MODEL
                            VERSION 6.2.2 07/30/2021

   MODFLOW 6 compiled Jul 31 2021 14:59:11 with IFORT compiler (ver. 20.21.2)

This software has been approved for release by the U.S. Geological 
Survey (USGS). Although the software has been subjected to rigorous 
review, the USGS reserves the right to update the software as needed 
pursuant to further analysis and review. No warranty, expressed or 
implied, is made by the USGS or the U.S. Government as to the 
functionality of the software and related material nor shall the 
fact of release constitute any such warranty. Furthermore, the 
software is released on condition that neither the USGS nor the U.S. 
Government shall be held liable for any damages resulting from its 
authorized or unauthorized use. Also refer to the USGS Water 
Resources Software User Rights Notice for complete use, copyright, 
and distribution information.


System command used to initiate simulation:
P:/watmodel/python38/python.exe  P:\watmodel\CWATM\model\GitHub_Mikhail\CWatM-Israel\run_cwatm.py settings_Saudi_WaterCycles_windows_2ndTests_Circles.ini -l

MODFLOW was compiled using uniform precision.

Real Variables
  KIND: 8
  TINY (smallest non-zero value):    2.225074-308
  HUGE (largest value):    1.797693+308
  PRECISION: 15
  BIT SIZE: 64

Integer Variables
  KIND: 4
  HUGE (largest value): 2147483647
  BIT SIZE: 32

Long Integer Variables
  KIND: 8
  HUGE (largest value): 9223372036854775807
  BIT SIZE: 64

Logical Variables
  KIND: 4
  BIT SIZE: 32
 

 OPENED mfsim.nam
 FILE TYPE:NAM   UNIT 1002   STATUS:OLD                 
 FORMAT:FORMATTED              ACCESS:SEQUENTIAL          
 ACTION:READ                

 # File generated by Flopy version 3.3.4 on 10/31/2022 at 11:56:26.

 READING SIMULATION OPTIONS
    ALL SIMULATION MEMORY INFORMATION WILL BE WRITTEN.
 END OF SIMULATION OPTIONS

 READING SIMULATION TIMING

 OPENED TRANSIENT.tdis
 FILE TYPE:TDIS   UNIT 1003   STATUS:OLD                 
 FORMAT:FORMATTED              ACCESS:SEQUENTIAL          
 ACTION:READ                


 TDIS -- TEMPORAL DISCRETIZATION PACKAGE,
 VERSION 1 : 11/13/2014 - INPUT READ FROM UNIT 1003
 # File generated by Flopy version 3.3.4 on 10/31/2022 at 11:56:26.
 PROCESSING TDIS OPTIONS
 END OF TDIS OPTIONS
    SIMULATION TIME UNIT IS UNDEFINED
 PROCESSING TDIS DIMENSIONS
    5 STRESS PERIOD(S) IN SIMULATION
 END OF TDIS DIMENSIONS
 PROCESSING TDIS PERIODDATA


 STRESS PERIOD     LENGTH       TIME STEPS     MULTIPLIER FOR DELT
 ----------------------------------------------------------------------------
        1         1.000000          1                    1.000
        2         1.000000          1                    1.000
        3         1.000000          1                    1.000
        4         1.000000          1                    1.000
        5         1.000000          1                    1.000
 END OF TDIS PERIODDATA
 END OF SIMULATION TIMING

 READING SIMULATION MODELS
    GWF6 model TRANSIENT will be created as model 1
 END OF SIMULATION MODELS

 READING SIMULATION EXCHANGES
 END OF SIMULATION EXCHANGES

 READING SOLUTIONGROUP

 Creating solution: SLN_1           

 OPENED TRANSIENT.ims
 FILE TYPE:IMS   UNIT 1014   STATUS:OLD                 
 FORMAT:FORMATTED              ACCESS:SEQUENTIAL          
 ACTION:READ                

 END OF SIMULATION SOLUTIONGROUP

 IMS -- ITERATIVE MODEL SOLUTION PACKAGE, VERSION 6, 4/28/2017
         INPUT READ FROM UNIT 1014
 # File generated by Flopy version 3.3.4 on 10/31/2022 at 11:56:26.

 PROCESSING IMS OPTIONS
 COMPLEX OPTION:
 DEFAULT SOLVER INPUT VALUES REFLECT STRONGLY NONLINEAR MODEL
 END OF IMS OPTIONS

 PROCESSING IMS NONLINEAR
 END OF IMS NONLINEAR DATA
 **UNDER-RELAXATION WILL BE USED***
 
 ***IMS LINEAR SOLVER WILL BE USED***

 IMSLINEAR -- UNSTRUCTURED LINEAR SOLUTION PACKAGE, VERSION 8, 04/28/2017

 PROCESSING LINEAR DATA
 END OF LINEAR DATA
 
 OUTER ITERATION CONVERGENCE CRITERION    (DVCLOSE) =    0.100000E+00
 MAXIMUM NUMBER OF OUTER ITERATIONS        (MXITER) = 100
 SOLVER PRINTOUT INDEX                     (IPRIMS) = 0
 NONLINEAR ITERATION METHOD            (NONLINMETH) = 1
 LINEAR SOLUTION METHOD                   (LINMETH) = 1
 UNDER-RELAXATION FACTOR                    (GAMMA) =    0.100000E+00
 MAXIMUM NUMBER OF BACKTRACKS            (NUMTRACK) = 5
 BACKTRACKING TOLERANCE FACTOR               (BTOL) =    0.100000E+06
 BACKTRACKING REDUCTION FACTOR             (BREDUC) =    0.300000E+00
 BACKTRACKING RESIDUAL LIMIT              (RES_LIM) =    0.150000E+03

       SOLUTION BY THE BICONJUGATE-GRADIENT STABILIZED METHOD
 ------------------------------------------------------------------
 MAXIMUM OF 100 CALLS OF SOLUTION ROUTINE
 MAXIMUM OF 500 INTERNAL ITERATIONS PER CALL TO SOLUTION ROUTINE
 LINEAR ACCELERATION METHOD            = BCGS      
 MATRIX PRECONDITIONING TYPE           = INCOMPLETE LUT      
 MATRIX SCALING APPROACH               = NO SCALING          
 MATRIX REORDERING APPROACH            = ORIGINAL ORDERING        
 NUMBER OF ORTHOGONALIZATIONS          = 2
 HEAD CHANGE CRITERION FOR CLOSURE     =    0.10000E+00
 RESIDUAL CHANGE CRITERION FOR CLOSURE =    0.10000E+00
 RESIDUAL CONVERGENCE OPTION           = 0
 RESIDUAL CONVERGENCE NORM             = INFINITY NORM   
 RELAXATION FACTOR                     =    0.00000E+00
 NUMBER OF LEVELS                      =              5
 DROP TOLERANCE                        =    0.10000E-03


 
    Solving:  Stress period:     1    Time step:     1
 
1
                            STRESS PERIOD NO. 1, LENGTH =   1.000000    
                            -----------------------------------------------
                            NUMBER OF TIME STEPS = 1
                            MULTIPLIER FOR DELT =     1.000
                            INITIAL TIME STEP SIZE =   1.000000    
 
    Solving:  Stress period:     2    Time step:     1
 
1
                            STRESS PERIOD NO. 2, LENGTH =   1.000000    
                            -----------------------------------------------
                            NUMBER OF TIME STEPS = 1
                            MULTIPLIER FOR DELT =     1.000
                            INITIAL TIME STEP SIZE =   1.000000    
 
    Solving:  Stress period:     3    Time step:     1
 
1
                            STRESS PERIOD NO. 3, LENGTH =   1.000000    
                            -----------------------------------------------
                            NUMBER OF TIME STEPS = 1
                            MULTIPLIER FOR DELT =     1.000
                            INITIAL TIME STEP SIZE =   1.000000    
 
    Solving:  Stress period:     4    Time step:     1
 
1
                            STRESS PERIOD NO. 4, LENGTH =   1.000000    
                            -----------------------------------------------
                            NUMBER OF TIME STEPS = 1
                            MULTIPLIER FOR DELT =     1.000
                            INITIAL TIME STEP SIZE =   1.000000    
 
    Solving:  Stress period:     5    Time step:     1
 
1
                            STRESS PERIOD NO. 5, LENGTH =   1.000000    
                            -----------------------------------------------
                            NUMBER OF TIME STEPS = 1
                            MULTIPLIER FOR DELT =     1.000
                            INITIAL TIME STEP SIZE =   1.000000    

 DETAILED INFORMATION ON VARIABLES STORED IN THE MEMORY MANAGER
 -------------------------------------------------------------------------------------------------------------------------------------------
 ORIGIN                            VARIABLE NAME    DATA TYPE             NUMBER OF ITEMS ASSOCIATED VARIABLE                               
 -------------------------------------------------------------------------------------------------------------------------------------------
 TDIS                              NPER             INTEGER                             1 --                                                
 TDIS                              ITMUNI           INTEGER                             1 --                                                
 TDIS                              KPER             INTEGER                             1 --                                                
 TDIS                              KSTP             INTEGER                             1 --                                                
 TDIS                              INATS            INTEGER                             1 --                                                
 TDIS                              READNEWDATA      LOGICAL                             1 --                                                
 TDIS                              ENDOFPERIOD      LOGICAL                             1 --                                                
 TDIS                              ENDOFSIMULATION  LOGICAL                             1 --                                                
 TDIS                              DELT             DOUBLE                              1 --                                                
 TDIS                              PERTIM           DOUBLE                              1 --                                                
 TDIS                              TOTIM            DOUBLE                              1 --                                                
 TDIS                              TOTIMC           DOUBLE                              1 --                                                
 TDIS                              DELTSAV          DOUBLE                              1 --                                                
 TDIS                              TOTIMSAV         DOUBLE                              1 --                                                
 TDIS                              PERTIMSAV        DOUBLE                              1 --                                                
 TDIS                              TOTALSIMTIME     DOUBLE                              1 --                                                
 TDIS                              PERLEN           DOUBLE                              5 --                                                
 TDIS                              NSTP             INTEGER                             5 --                                                
 TDIS                              TSMULT           DOUBLE                              5 --                                                
 TRANSIENT                         ID               INTEGER                             1 --                                                
 TRANSIENT                         IOUT             INTEGER                             1 --                                                
 TRANSIENT                         INEWTON          INTEGER                             1 --                                                
 TRANSIENT                         IPRPAK           INTEGER                             1 --                                                
 TRANSIENT                         IPRFLOW          INTEGER                             1 --                                                
 TRANSIENT                         IPAKCB           INTEGER                             1 --                                                
 TRANSIENT                         IDSOLN           INTEGER                             1 --                                                
 TRANSIENT                         NEQ              INTEGER                             1 --                                                
 TRANSIENT                         NJA              INTEGER                             1 --                                                
 TRANSIENT                         ICNVG            INTEGER                             1 --                                                
 TRANSIENT                         MOFFSET          INTEGER                             1 --                                                
 TRANSIENT                         INIC             INTEGER                             1 --                                                
 TRANSIENT                         INOC             INTEGER                             1 --                                                
 TRANSIENT                         INNPF            INTEGER                             1 --                                                
 TRANSIENT                         INBUY            INTEGER                             1 --                                                
 TRANSIENT                         INSTO            INTEGER                             1 --                                                
 TRANSIENT                         INCSUB           INTEGER                             1 --                                                
 TRANSIENT                         INMVR            INTEGER                             1 --                                                
 TRANSIENT                         INHFB            INTEGER                             1 --                                                
 TRANSIENT                         INGNC            INTEGER                             1 --                                                
 TRANSIENT                         INOBS            INTEGER                             1 --                                                
 TRANSIENT                         ISS              INTEGER                             1 --                                                
 TRANSIENT                         INEWTONUR        INTEGER                             1 --                                                
 TRANSIENT/DIS                     INUNIT           INTEGER                             1 --                                                
 TRANSIENT/DIS                     IOUT             INTEGER                             1 --                                                
 TRANSIENT/DIS                     NODES            INTEGER                             1 --                                                
 TRANSIENT/DIS                     NODESUSER        INTEGER                             1 --                                                
 TRANSIENT/DIS                     NDIM             INTEGER                             1 --                                                
 TRANSIENT/DIS                     ICONDIR          INTEGER                             1 --                                                
 TRANSIENT/DIS                     WRITEGRB         LOGICAL                             1 --                                                
 TRANSIENT/DIS                     XORIGIN          DOUBLE                              1 --                                                
 TRANSIENT/DIS                     YORIGIN          DOUBLE                              1 --                                                
 TRANSIENT/DIS                     ANGROT           DOUBLE                              1 --                                                
 TRANSIENT/DIS                     NJA              INTEGER                             1 --                                                
 TRANSIENT/DIS                     NJAS             INTEGER                             1 --                                                
 TRANSIENT/DIS                     LENUNI           INTEGER                             1 --                                                
 TRANSIENT/DIS                     NLAY             INTEGER                             1 --                                                
 TRANSIENT/DIS                     NROW             INTEGER                             1 --                                                
 TRANSIENT/DIS                     NCOL             INTEGER                             1 --                                                
 TRANSIENT/NPF                     ID               INTEGER                             1 --                                                
 TRANSIENT/NPF                     INUNIT           INTEGER                             1 --                                                
 TRANSIENT/NPF                     IOUT             INTEGER                             1 --                                                
 TRANSIENT/NPF                     INEWTON          INTEGER                             1 --                                                
 TRANSIENT/NPF                     IASYM            INTEGER                             1 --                                                
 TRANSIENT/NPF                     IPRPAK           INTEGER                             1 --                                                
 TRANSIENT/NPF                     IPRFLOW          INTEGER                             1 --                                                
 TRANSIENT/NPF                     IPAKCB           INTEGER                             1 --                                                
 TRANSIENT/NPF                     IONPER           INTEGER                             1 --                                                
 TRANSIENT/NPF                     LASTONPER        INTEGER                             1 --                                                
 TRANSIENT/NPF                     INAME            INTEGER                             1 --                                                
 TRANSIENT/NPF                     IXT3D            INTEGER                             1 --                                                
 TRANSIENT/NPF                     SATOMEGA         DOUBLE                              1 --                                                
 TRANSIENT/NPF                     HNOFLO           DOUBLE                              1 --                                                
 TRANSIENT/NPF                     HDRY             DOUBLE                              1 --                                                
 TRANSIENT/NPF                     ICELLAVG         INTEGER                             1 --                                                
 TRANSIENT/NPF                     IAVGKEFF         INTEGER                             1 --                                                
 TRANSIENT/NPF                     IK22             INTEGER                             1 --                                                
 TRANSIENT/NPF                     IK33             INTEGER                             1 --                                                
 TRANSIENT/NPF                     IK22OVERK        INTEGER                             1 --                                                
 TRANSIENT/NPF                     IK33OVERK        INTEGER                             1 --                                                
 TRANSIENT/NPF                     IPERCHED         INTEGER                             1 --                                                
 TRANSIENT/NPF                     IVARCV           INTEGER                             1 --                                                
 TRANSIENT/NPF                     IDEWATCV         INTEGER                             1 --                                                
 TRANSIENT/NPF                     ITHICKSTRT       INTEGER                             1 --                                                
 TRANSIENT/NPF                     IUSGNRHC         INTEGER                             1 --                                                
 TRANSIENT/NPF                     INWTUPW          INTEGER                             1 --                                                
 TRANSIENT/NPF                     ICALCSPDIS       INTEGER                             1 --                                                
 TRANSIENT/NPF                     ISAVSPDIS        INTEGER                             1 --                                                
 TRANSIENT/NPF                     ISAVSAT          INTEGER                             1 --                                                
 TRANSIENT/NPF                     IREWET           INTEGER                             1 --                                                
 TRANSIENT/NPF                     WETFCT           DOUBLE                              1 --                                                
 TRANSIENT/NPF                     IWETIT           INTEGER                             1 --                                                
 TRANSIENT/NPF                     IHDWET           INTEGER                             1 --                                                
 TRANSIENT/NPF                     SATMIN           DOUBLE                              1 --                                                
 TRANSIENT/NPF                     IANGLE1          INTEGER                             1 --                                                
 TRANSIENT/NPF                     IANGLE2          INTEGER                             1 --                                                
 TRANSIENT/NPF                     IANGLE3          INTEGER                             1 --                                                
 TRANSIENT/NPF                     IWETDRY          INTEGER                             1 --                                                
 TRANSIENT/NPF                     NEDGES           INTEGER                             1 --                                                
 TRANSIENT/NPF                     LASTEDGE         INTEGER                             1 --                                                
 TRANSIENT/XT3D                    IXT3D            INTEGER                             1 --                                                
 TRANSIENT/XT3D                    NBRMAX           INTEGER                             1 --                                                
 TRANSIENT/XT3D                    INUNIT           INTEGER                             1 --                                                
 TRANSIENT/XT3D                    IOUT             INTEGER                             1 --                                                
 TRANSIENT/XT3D                    INEWTON          INTEGER                             1 --                                                
 TRANSIENT/XT3D                    NUMEXTNBRS       INTEGER                             1 --                                                
 TRANSIENT/XT3D                    NOZEE            LOGICAL                             1 --                                                
 TRANSIENT/XT3D                    VCTHRESH         DOUBLE                              1 --                                                
 TRANSIENT/XT3D                    LAMATSAVED       LOGICAL                             1 --                                                
 TRANSIENT/XT3D                    LDISPERSION      LOGICAL                             1 --                                                
 TRANSIENT/BUY                     ID               INTEGER                             1 --                                                
 TRANSIENT/BUY                     INUNIT           INTEGER                             1 --                                                
 TRANSIENT/BUY                     IOUT             INTEGER                             1 --                                                
 TRANSIENT/BUY                     INEWTON          INTEGER                             1 --                                                
 TRANSIENT/BUY                     IASYM            INTEGER                             1 --                                                
 TRANSIENT/BUY                     IPRPAK           INTEGER                             1 --                                                
 TRANSIENT/BUY                     IPRFLOW          INTEGER                             1 --                                                
 TRANSIENT/BUY                     IPAKCB           INTEGER                             1 --                                                
 TRANSIENT/BUY                     IONPER           INTEGER                             1 --                                                
 TRANSIENT/BUY                     LASTONPER        INTEGER                             1 --                                                
 TRANSIENT/BUY                     IOUTDENSE        INTEGER                             1 --                                                
 TRANSIENT/BUY                     IFORM            INTEGER                             1 --                                                
 TRANSIENT/BUY                     IREADELEV        INTEGER                             1 --                                                
 TRANSIENT/BUY                     IREADCONCBUY     INTEGER                             1 --                                                
 TRANSIENT/BUY                     ICONCSET         INTEGER                             1 --                                                
 TRANSIENT/BUY                     DENSEREF         DOUBLE                              1 --                                                
 TRANSIENT/BUY                     NRHOSPECIES      INTEGER                             1 --                                                
 TRANSIENT/GNC                     ID               INTEGER                             1 --                                                
 TRANSIENT/GNC                     INUNIT           INTEGER                             1 --                                                
 TRANSIENT/GNC                     IOUT             INTEGER                             1 --                                                
 TRANSIENT/GNC                     INEWTON          INTEGER                             1 --                                                
 TRANSIENT/GNC                     IASYM            INTEGER                             1 --                                                
 TRANSIENT/GNC                     IPRPAK           INTEGER                             1 --                                                
 TRANSIENT/GNC                     IPRFLOW          INTEGER                             1 --                                                
 TRANSIENT/GNC                     IPAKCB           INTEGER                             1 --                                                
 TRANSIENT/GNC                     IONPER           INTEGER                             1 --                                                
 TRANSIENT/GNC                     LASTONPER        INTEGER                             1 --                                                
 TRANSIENT/GNC                     SMGNC            LOGICAL                             1 --                                                
 TRANSIENT/GNC                     IMPLICIT         LOGICAL                             1 --                                                
 TRANSIENT/GNC                     I2KN             LOGICAL                             1 --                                                
 TRANSIENT/GNC                     NEXG             INTEGER                             1 --                                                
 TRANSIENT/GNC                     NUMJS            INTEGER                             1 --                                                
 TRANSIENT/HFB                     ID               INTEGER                             1 --                                                
 TRANSIENT/HFB                     INUNIT           INTEGER                             1 --                                                
 TRANSIENT/HFB                     IOUT             INTEGER                             1 --                                                
 TRANSIENT/HFB                     INEWTON          INTEGER                             1 --                                                
 TRANSIENT/HFB                     IASYM            INTEGER                             1 --                                                
 TRANSIENT/HFB                     IPRPAK           INTEGER                             1 --                                                
 TRANSIENT/HFB                     IPRFLOW          INTEGER                             1 --                                                
 TRANSIENT/HFB                     IPAKCB           INTEGER                             1 --                                                
 TRANSIENT/HFB                     IONPER           INTEGER                             1 --                                                
 TRANSIENT/HFB                     LASTONPER        INTEGER                             1 --                                                
 TRANSIENT/HFB                     MAXHFB           INTEGER                             1 --                                                
 TRANSIENT/HFB                     NHFB             INTEGER                             1 --                                                
 TRANSIENT/STO                     ID               INTEGER                             1 --                                                
 TRANSIENT/STO                     INUNIT           INTEGER                             1 --                                                
 TRANSIENT/STO                     IOUT             INTEGER                             1 --                                                
 TRANSIENT/STO                     INEWTON          INTEGER                             1 --                                                
 TRANSIENT/STO                     IASYM            INTEGER                             1 --                                                
 TRANSIENT/STO                     IPRPAK           INTEGER                             1 --                                                
 TRANSIENT/STO                     IPRFLOW          INTEGER                             1 --                                                
 TRANSIENT/STO                     IPAKCB           INTEGER                             1 --                                                
 TRANSIENT/STO                     IONPER           INTEGER                             1 --                                                
 TRANSIENT/STO                     LASTONPER        INTEGER                             1 --                                                
 TRANSIENT/STO                     ISTOR_COEF       INTEGER                             1 --                                                
 TRANSIENT/STO                     ICONF_SS         INTEGER                             1 --                                                
 TRANSIENT/STO                     IORIG_SS         INTEGER                             1 --                                                
 TRANSIENT/STO                     IUSESY           INTEGER                             1 --                                                
 TRANSIENT/STO                     SATOMEGA         DOUBLE                              1 --                                                
 TRANSIENT/CSUB                    ID               INTEGER                             1 --                                                
 TRANSIENT/CSUB                    INUNIT           INTEGER                             1 --                                                
 TRANSIENT/CSUB                    IOUT             INTEGER                             1 --                                                
 TRANSIENT/CSUB                    INEWTON          INTEGER                             1 --                                                
 TRANSIENT/CSUB                    IASYM            INTEGER                             1 --                                                
 TRANSIENT/CSUB                    IPRPAK           INTEGER                             1 --                                                
 TRANSIENT/CSUB                    IPRFLOW          INTEGER                             1 --                                                
 TRANSIENT/CSUB                    IPAKCB           INTEGER                             1 --                                                
 TRANSIENT/CSUB                    IONPER           INTEGER                             1 --                                                
 TRANSIENT/CSUB                    LASTONPER        INTEGER                             1 --                                                
 TRANSIENT/CSUB                    LISTLABEL        STRING LEN=500                    500 --                                                
 TRANSIENT/CSUB                    STONAME          STRING LEN=33                      33 --                                                
 TRANSIENT/CSUB                    ISTOUNIT         INTEGER                             1 --                                                
 TRANSIENT/CSUB                    INOBSPKG         INTEGER                             1 --                                                
 TRANSIENT/CSUB                    NINTERBEDS       INTEGER                             1 --                                                
 TRANSIENT/CSUB                    MAXSIG0          INTEGER                             1 --                                                
 TRANSIENT/CSUB                    NBOUND           INTEGER                             1 --                                                
 TRANSIENT/CSUB                    ISCLOC           INTEGER                             1 --                                                
 TRANSIENT/CSUB                    IAUXMULTCOL      INTEGER                             1 --                                                
 TRANSIENT/CSUB                    NDELAYCELLS      INTEGER                             1 --                                                
 TRANSIENT/CSUB                    NDELAYBEDS       INTEGER                             1 --                                                
 TRANSIENT/CSUB                    INITIALIZED      INTEGER                             1 --                                                
 TRANSIENT/CSUB                    IESLAG           INTEGER                             1 --                                                
 TRANSIENT/CSUB                    IPCH             INTEGER                             1 --                                                
 TRANSIENT/CSUB                    LHEAD_BASED      LOGICAL                             1 --                                                
 TRANSIENT/CSUB                    IUPDATESTRESS    INTEGER                             1 --                                                
 TRANSIENT/CSUB                    ISPECIFIED_PCS   INTEGER                             1 --                                                
 TRANSIENT/CSUB                    ISPECIFIED_DBH   INTEGER                             1 --                                                
 TRANSIENT/CSUB                    INAMEDBOUND      INTEGER                             1 --                                                
 TRANSIENT/CSUB                    ICONVCHK         INTEGER                             1 --                                                
 TRANSIENT/CSUB                    NAUX             INTEGER                             1 --                                                
 TRANSIENT/CSUB                    ISTORAGEC        INTEGER                             1 --                                                
 TRANSIENT/CSUB                    ISTRAINIB        INTEGER                             1 --                                                
 TRANSIENT/CSUB                    ISTRAINSK        INTEGER                             1 --                                                
 TRANSIENT/CSUB                    IOUTCOMP         INTEGER                             1 --                                                
 TRANSIENT/CSUB                    IOUTCOMPI        INTEGER                             1 --                                                
 TRANSIENT/CSUB                    IOUTCOMPE        INTEGER                             1 --                                                
 TRANSIENT/CSUB                    IOUTCOMPIB       INTEGER                             1 --                                                
 TRANSIENT/CSUB                    IOUTCOMPS        INTEGER                             1 --                                                
 TRANSIENT/CSUB                    IOUTZDISP        INTEGER                             1 --                                                
 TRANSIENT/CSUB                    IPAKCSV          INTEGER                             1 --                                                
 TRANSIENT/CSUB                    IUPDATEMATPROP   INTEGER                             1 --                                                
 TRANSIENT/CSUB                    EPSILON          DOUBLE                              1 --                                                
 TRANSIENT/CSUB                    CC_CRIT          DOUBLE                              1 --                                                
 TRANSIENT/CSUB                    GAMMAW           DOUBLE                              1 --                                                
 TRANSIENT/CSUB                    BETA             DOUBLE                              1 --                                                
 TRANSIENT/CSUB                    BRG              DOUBLE                              1 --                                                
 TRANSIENT/CSUB                    SATOMEGA         DOUBLE                              1 --                                                
 TRANSIENT/CSUB                    ICELLF           INTEGER                             1 --                                                
 TRANSIENT/CSUB                    GWFISS0          INTEGER                             1 --                                                
 TRANSIENT/IC                      ID               INTEGER                             1 --                                                
 TRANSIENT/IC                      INUNIT           INTEGER                             1 --                                                
 TRANSIENT/IC                      IOUT             INTEGER                             1 --                                                
 TRANSIENT/IC                      INEWTON          INTEGER                             1 --                                                
 TRANSIENT/IC                      IASYM            INTEGER                             1 --                                                
 TRANSIENT/IC                      IPRPAK           INTEGER                             1 --                                                
 TRANSIENT/IC                      IPRFLOW          INTEGER                             1 --                                                
 TRANSIENT/IC                      IPAKCB           INTEGER                             1 --                                                
 TRANSIENT/IC                      IONPER           INTEGER                             1 --                                                
 TRANSIENT/IC                      LASTONPER        INTEGER                             1 --                                                
 TRANSIENT/MVR                     ID               INTEGER                             1 --                                                
 TRANSIENT/MVR                     INUNIT           INTEGER                             1 --                                                
 TRANSIENT/MVR                     IOUT             INTEGER                             1 --                                                
 TRANSIENT/MVR                     INEWTON          INTEGER                             1 --                                                
 TRANSIENT/MVR                     IASYM            INTEGER                             1 --                                                
 TRANSIENT/MVR                     IPRPAK           INTEGER                             1 --                                                
 TRANSIENT/MVR                     IPRFLOW          INTEGER                             1 --                                                
 TRANSIENT/MVR                     IPAKCB           INTEGER                             1 --                                                
 TRANSIENT/MVR                     IONPER           INTEGER                             1 --                                                
 TRANSIENT/MVR                     LASTONPER        INTEGER                             1 --                                                
 TRANSIENT/MVR                     IBUDGETOUT       INTEGER                             1 --                                                
 TRANSIENT/MVR                     MAXMVR           INTEGER                             1 --                                                
 TRANSIENT/MVR                     MAXPACKAGES      INTEGER                             1 --                                                
 TRANSIENT/MVR                     MAXCOMB          INTEGER                             1 --                                                
 TRANSIENT/MVR                     NMVR             INTEGER                             1 --                                                
 TRANSIENT/MVR                     IEXGMVR          INTEGER                             1 --                                                
 TRANSIENT/MVR                     IMODELNAMES      INTEGER                             1 --                                                
 TRANSIENT/OC                      INUNIT           INTEGER                             1 --                                                
 TRANSIENT/OC                      IOUT             INTEGER                             1 --                                                
 TRANSIENT/OC                      IPEROC           INTEGER                             1 --                                                
 TRANSIENT/OC                      IOCREP           INTEGER                             1 --                                                
 TRANSIENT/WEL_0                   ID               INTEGER                             1 --                                                
 TRANSIENT/WEL_0                   INUNIT           INTEGER                             1 --                                                
 TRANSIENT/WEL_0                   IOUT             INTEGER                             1 --                                                
 TRANSIENT/WEL_0                   INEWTON          INTEGER                             1 --                                                
 TRANSIENT/WEL_0                   IASYM            INTEGER                             1 --                                                
 TRANSIENT/WEL_0                   IPRPAK           INTEGER                             1 --                                                
 TRANSIENT/WEL_0                   IPRFLOW          INTEGER                             1 --                                                
 TRANSIENT/WEL_0                   IPAKCB           INTEGER                             1 --                                                
 TRANSIENT/WEL_0                   IONPER           INTEGER                             1 --                                                
 TRANSIENT/WEL_0                   LASTONPER        INTEGER                             1 --                                                
 TRANSIENT/WEL_0                   LISTLABEL        STRING LEN=500                    500 --                                                
 TRANSIENT/WEL_0                   ISADVPAK         INTEGER                             1 --                                                
 TRANSIENT/WEL_0                   IBCNUM           INTEGER                             1 --                                                
 TRANSIENT/WEL_0                   MAXBOUND         INTEGER                             1 --                                                
 TRANSIENT/WEL_0                   NBOUND           INTEGER                             1 --                                                
 TRANSIENT/WEL_0                   NCOLBND          INTEGER                             1 --                                                
 TRANSIENT/WEL_0                   ISCLOC           INTEGER                             1 --                                                
 TRANSIENT/WEL_0                   NAUX             INTEGER                             1 --                                                
 TRANSIENT/WEL_0                   INAMEDBOUND      INTEGER                             1 --                                                
 TRANSIENT/WEL_0                   IAUXMULTCOL      INTEGER                             1 --                                                
 TRANSIENT/WEL_0                   INOBSPKG         INTEGER                             1 --                                                
 TRANSIENT/WEL_0                   IMOVER           INTEGER                             1 --                                                
 TRANSIENT/WEL_0                   NPAKEQ           INTEGER                             1 --                                                
 TRANSIENT/WEL_0                   IOFFSET          INTEGER                             1 --                                                
 TRANSIENT/WEL_0                   AUXNAME          STRING LEN=16                       0 --                                                
 TRANSIENT/WEL_0                   IFLOWRED         INTEGER                             1 --                                                
 TRANSIENT/WEL_0                   FLOWRED          DOUBLE                              1 --                                                
 TRANSIENT/DRN_0                   ID               INTEGER                             1 --                                                
 TRANSIENT/DRN_0                   INUNIT           INTEGER                             1 --                                                
 TRANSIENT/DRN_0                   IOUT             INTEGER                             1 --                                                
 TRANSIENT/DRN_0                   INEWTON          INTEGER                             1 --                                                
 TRANSIENT/DRN_0                   IASYM            INTEGER                             1 --                                                
 TRANSIENT/DRN_0                   IPRPAK           INTEGER                             1 --                                                
 TRANSIENT/DRN_0                   IPRFLOW          INTEGER                             1 --                                                
 TRANSIENT/DRN_0                   IPAKCB           INTEGER                             1 --                                                
 TRANSIENT/DRN_0                   IONPER           INTEGER                             1 --                                                
 TRANSIENT/DRN_0                   LASTONPER        INTEGER                             1 --                                                
 TRANSIENT/DRN_0                   LISTLABEL        STRING LEN=500                    500 --                                                
 TRANSIENT/DRN_0                   ISADVPAK         INTEGER                             1 --                                                
 TRANSIENT/DRN_0                   IBCNUM           INTEGER                             1 --                                                
 TRANSIENT/DRN_0                   MAXBOUND         INTEGER                             1 --                                                
 TRANSIENT/DRN_0                   NBOUND           INTEGER                             1 --                                                
 TRANSIENT/DRN_0                   NCOLBND          INTEGER                             1 --                                                
 TRANSIENT/DRN_0                   ISCLOC           INTEGER                             1 --                                                
 TRANSIENT/DRN_0                   NAUX             INTEGER                             1 --                                                
 TRANSIENT/DRN_0                   INAMEDBOUND      INTEGER                             1 --                                                
 TRANSIENT/DRN_0                   IAUXMULTCOL      INTEGER                             1 --                                                
 TRANSIENT/DRN_0                   INOBSPKG         INTEGER                             1 --                                                
 TRANSIENT/DRN_0                   IMOVER           INTEGER                             1 --                                                
 TRANSIENT/DRN_0                   NPAKEQ           INTEGER                             1 --                                                
 TRANSIENT/DRN_0                   IOFFSET          INTEGER                             1 --                                                
 TRANSIENT/DRN_0                   AUXNAME          STRING LEN=16                       0 --                                                
 TRANSIENT/DRN_0                   IAUXDDRNCOL      INTEGER                             1 --                                                
 TRANSIENT/DRN_0                   ICUBIC_SCALING   INTEGER                             1 --                                                
 TRANSIENT/RCH_0                   ID               INTEGER                             1 --                                                
 TRANSIENT/RCH_0                   INUNIT           INTEGER                             1 --                                                
 TRANSIENT/RCH_0                   IOUT             INTEGER                             1 --                                                
 TRANSIENT/RCH_0                   INEWTON          INTEGER                             1 --                                                
 TRANSIENT/RCH_0                   IASYM            INTEGER                             1 --                                                
 TRANSIENT/RCH_0                   IPRPAK           INTEGER                             1 --                                                
 TRANSIENT/RCH_0                   IPRFLOW          INTEGER                             1 --                                                
 TRANSIENT/RCH_0                   IPAKCB           INTEGER                             1 --                                                
 TRANSIENT/RCH_0                   IONPER           INTEGER                             1 --                                                
 TRANSIENT/RCH_0                   LASTONPER        INTEGER                             1 --                                                
 TRANSIENT/RCH_0                   LISTLABEL        STRING LEN=500                    500 --                                                
 TRANSIENT/RCH_0                   ISADVPAK         INTEGER                             1 --                                                
 TRANSIENT/RCH_0                   IBCNUM           INTEGER                             1 --                                                
 TRANSIENT/RCH_0                   MAXBOUND         INTEGER                             1 --                                                
 TRANSIENT/RCH_0                   NBOUND           INTEGER                             1 --                                                
 TRANSIENT/RCH_0                   NCOLBND          INTEGER                             1 --                                                
 TRANSIENT/RCH_0                   ISCLOC           INTEGER                             1 --                                                
 TRANSIENT/RCH_0                   NAUX             INTEGER                             1 --                                                
 TRANSIENT/RCH_0                   INAMEDBOUND      INTEGER                             1 --                                                
 TRANSIENT/RCH_0                   IAUXMULTCOL      INTEGER                             1 --                                                
 TRANSIENT/RCH_0                   INOBSPKG         INTEGER                             1 --                                                
 TRANSIENT/RCH_0                   IMOVER           INTEGER                             1 --                                                
 TRANSIENT/RCH_0                   NPAKEQ           INTEGER                             1 --                                                
 TRANSIENT/RCH_0                   IOFFSET          INTEGER                             1 --                                                
 TRANSIENT/RCH_0                   AUXNAME          STRING LEN=16                       0 --                                                
 TRANSIENT/RCH_0                   INIRCH           INTEGER                             1 --                                                
 SLN_1                             ID               INTEGER                             1 --                                                
 SLN_1                             IU               INTEGER                             1 --                                                
 SLN_1                             TTFORM           DOUBLE                              1 --                                                
 SLN_1                             TTSOLN           DOUBLE                              1 --                                                
 SLN_1                             NEQ              INTEGER                             1 --                                                
 SLN_1                             NJA              INTEGER                             1 --                                                
 SLN_1                             DVCLOSE          DOUBLE                              1 --                                                
 SLN_1                             BIGCHOLD         DOUBLE                              1 --                                                
 SLN_1                             BIGCH            DOUBLE                              1 --                                                
 SLN_1                             RELAXOLD         DOUBLE                              1 --                                                
 SLN_1                             RES_PREV         DOUBLE                              1 --                                                
 SLN_1                             RES_NEW          DOUBLE                              1 --                                                
 SLN_1                             ICNVG            INTEGER                             1 --                                                
 SLN_1                             ITERTOT_TIMESTEP INTEGER                             1 --                                                
 SLN_1                             IOUTTOT_TIMESTEP INTEGER                             1 --                                                
 SLN_1                             INNERTOT_SIM     INTEGER                             1 --                                                
 SLN_1                             MXITER           INTEGER                             1 --                                                
 SLN_1                             LINMETH          INTEGER                             1 --                                                
 SLN_1                             NONMETH          INTEGER                             1 --                                                
 SLN_1                             IPRIMS           INTEGER                             1 --                                                
 SLN_1                             THETA            DOUBLE                              1 --                                                
 SLN_1                             AKAPPA           DOUBLE                              1 --                                                
 SLN_1                             GAMMA            DOUBLE                              1 --                                                
 SLN_1                             AMOMENTUM        DOUBLE                              1 --                                                
 SLN_1                             BREDUC           DOUBLE                              1 --                                                
 SLN_1                             BTOL             DOUBLE                              1 --                                                
 SLN_1                             RES_LIM          DOUBLE                              1 --                                                
 SLN_1                             NUMTRACK         INTEGER                             1 --                                                
 SLN_1                             IBFLAG           INTEGER                             1 --                                                
 SLN_1                             ICSVOUTEROUT     INTEGER                             1 --                                                
 SLN_1                             ICSVINNEROUT     INTEGER                             1 --                                                
 SLN_1                             NITERMAX         INTEGER                             1 --                                                
 SLN_1                             CONVNMOD         INTEGER                             1 --                                                
 SLN_1                             IALLOWPTC        INTEGER                             1 --                                                
 SLN_1                             IPTCOPT          INTEGER                             1 --                                                
 SLN_1                             IPTCOUT          INTEGER                             1 --                                                
 SLN_1                             L2NORM0          DOUBLE                              1 --                                                
 SLN_1                             PTCDEL           DOUBLE                              1 --                                                
 SLN_1                             PTCDEL0          DOUBLE                              1 --                                                
 SLN_1                             PTCEXP           DOUBLE                              1 --                                                
 SLN_1                             PTCTHRESH        DOUBLE                              1 --                                                
 SLN_1                             PTCRAT           DOUBLE                              1 --                                                
 SLN_1                             ATSFRAC          DOUBLE                              1 --                                                
 TRANSIENT/DIS                     DELR             DOUBLE                            449 --                                                
 TRANSIENT/DIS                     DELC             DOUBLE                            395 --                                                
 TRANSIENT/DIS                     IDOMAIN          INTEGER                        354710 --                                                
 TRANSIENT/DIS                     TOP2D            DOUBLE                         177355 --                                                
 TRANSIENT/DIS                     BOT3D            DOUBLE                         354710 --                                                
 TRANSIENT/DIS                     CELLX            DOUBLE                            449 --                                                
 TRANSIENT/DIS                     CELLY            DOUBLE                            395 --                                                
 TRANSIENT/DIS                     MSHAPE           INTEGER                             3 --                                                
 TRANSIENT/DIS                     TOP              DOUBLE                         196648 --                                                
 TRANSIENT/DIS                     BOT              DOUBLE                         196648 --                                                
 TRANSIENT/DIS                     AREA             DOUBLE                         196648 --                                                
 TRANSIENT                         DBUFF            DOUBLE                         354710 --                                                
 TRANSIENT                         IBUFF            INTEGER                        354710 --                                                
 TRANSIENT/DIS                     NODEUSER         INTEGER                        196648 --                                                
 TRANSIENT/DIS                     NODEREDUCED      INTEGER                        354710 --                                                
 TRANSIENT/CON                     NODES            INTEGER                             1 --                                                
 TRANSIENT/CON                     NJA              INTEGER                             1 --                                                
 TRANSIENT/CON                     NJAS             INTEGER                             1 --                                                
 TRANSIENT/CON                     IANGLEX          INTEGER                             1 --                                                
 TRANSIENT/CON                     IA               INTEGER                        196649 --                                                
 TRANSIENT/CON                     JA               INTEGER                       1176256 --                                                
 TRANSIENT/CON                     ISYM             INTEGER                       1176256 --                                                
 TRANSIENT/CON                     JAS              INTEGER                       1176256 --                                                
 TRANSIENT/CON                     HWVA             DOUBLE                         489804 --                                                
 TRANSIENT/CON                     ANGLEX           DOUBLE                         489804 --                                                
 TRANSIENT/CON                     IHC              INTEGER                        489804 --                                                
 TRANSIENT/CON                     CL1              DOUBLE                         489804 --                                                
 TRANSIENT/CON                     CL2              DOUBLE                         489804 --                                                
 TRANSIENT/CON                     IAUSR            INTEGER                        354711 --                                                
 TRANSIENT/CON                     JAUSR            INTEGER                       1176256 --                                                
 TRANSIENT                         XOLD             DOUBLE                         196648 --                                                
 TRANSIENT                         FLOWJA           DOUBLE                        1176256 --                                                
 TRANSIENT                         IDXGLO           INTEGER                       1176256 --                                                
 SLN_1                             IA               INTEGER                        196649 --                                                
 SLN_1                             X                DOUBLE                         196648 --                                                
 SLN_1                             RHS              DOUBLE                         196648 --                                                
 SLN_1                             IACTIVE          INTEGER                        196648 --                                                
 SLN_1                             XTEMP            DOUBLE                         196648 --                                                
 SLN_1                             DXOLD            DOUBLE                         196648 --                                                
 SLN_1                             HNCG             DOUBLE                            100 --                                                
 SLN_1                             LRCH             INTEGER                           300 --                                                
 SLN_1                             WSAVE            DOUBLE                              0 --                                                
 SLN_1                             HCHOLD           DOUBLE                              0 --                                                
 SLN_1                             DEOLD            DOUBLE                              0 --                                                
 SLN_1                             CONVMODSTART     INTEGER                             2 --                                                
 SLN_1                             LOCDV            INTEGER                             1 --                                                
 SLN_1                             LOCDR            INTEGER                             1 --                                                
 SLN_1                             ITINNER          INTEGER                             1 --                                                
 SLN_1                             CONVLOCDV        INTEGER                             1 --                                                
 SLN_1                             CONVLOCDR        INTEGER                             1 --                                                
 SLN_1                             DVMAX            DOUBLE                              1 --                                                
 SLN_1                             DRMAX            DOUBLE                              1 --                                                
 SLN_1                             CONVDVMAX        DOUBLE                              1 --                                                
 SLN_1                             CONVDRMAX        DOUBLE                              1 --                                                
 TRANSIENT                         X                DOUBLE                         196648 SLN_1/X                                           
 TRANSIENT                         RHS              DOUBLE                         196648 SLN_1/RHS                                         
 TRANSIENT                         IBOUND           INTEGER                        196648 SLN_1/IBOUND                                      
 SLN_1                             JA               INTEGER                       1176256 --                                                
 SLN_1                             AMAT             DOUBLE                        1176256 --                                                
 TRANSIENT/IC                      STRT             DOUBLE                         196648 --                                                
 TRANSIENT/NPF                     ICELLTYPE        INTEGER                        196648 --                                                
 TRANSIENT/NPF                     K11              DOUBLE                         196648 --                                                
 TRANSIENT/NPF                     SAT              DOUBLE                         196648 --                                                
 TRANSIENT/NPF                     CONDSAT          DOUBLE                         489804 --                                                
 TRANSIENT/NPF                     K22              DOUBLE                         196648 TRANSIENT/NPF/K11                                 
 TRANSIENT/NPF                     K33              DOUBLE                         196648 TRANSIENT/NPF/K11                                 
 TRANSIENT/NPF                     WETDRY           DOUBLE                              1 --                                                
 TRANSIENT/NPF                     ANGLE1           DOUBLE                              1 --                                                
 TRANSIENT/NPF                     ANGLE2           DOUBLE                              1 --                                                
 TRANSIENT/NPF                     ANGLE3           DOUBLE                              1 --                                                
 TRANSIENT/NPF                     IBOTNODE         INTEGER                        196648 --                                                
 TRANSIENT/NPF                     SPDIS            DOUBLE                              0 --                                                
 TRANSIENT/NPF                     NODEDGE          INTEGER                             0 --                                                
 TRANSIENT/NPF                     IHCEDGE          INTEGER                             0 --                                                
 TRANSIENT/NPF                     PROPSEDGE        DOUBLE                              0 --                                                
 TRANSIENT/STO                     ICONVERT         INTEGER                        196648 --                                                
 TRANSIENT/STO                     SS               DOUBLE                         196648 --                                                
 TRANSIENT/STO                     SY               DOUBLE                         196648 --                                                
 TRANSIENT/STO                     STRGSS           DOUBLE                         196648 --                                                
 TRANSIENT/STO                     STRGSY           DOUBLE                         196648 --                                                
 TRANSIENT/WEL_0                   NODELIST         INTEGER                        196648 --                                                
 TRANSIENT/WEL_0                   NOUPDATEAUXVAR   INTEGER                             0 --                                                
 TRANSIENT/WEL_0                   BOUND            DOUBLE                         196648 --                                                
 TRANSIENT/WEL_0                   HCOF             DOUBLE                         196648 --                                                
 TRANSIENT/WEL_0                   RHS              DOUBLE                         196648 --                                                
 TRANSIENT/WEL_0                   SIMVALS          DOUBLE                         196648 --                                                
 TRANSIENT/WEL_0                   SIMTOMVR         DOUBLE                              0 --                                                
 TRANSIENT/WEL_0                   AUXVAR           DOUBLE                              0 --                                                
 TRANSIENT/DRN_0                   NODELIST         INTEGER                         98324 --                                                
 TRANSIENT/DRN_0                   NOUPDATEAUXVAR   INTEGER                             0 --                                                
 TRANSIENT/DRN_0                   BOUND            DOUBLE                         196648 --                                                
 TRANSIENT/DRN_0                   HCOF             DOUBLE                          98324 --                                                
 TRANSIENT/DRN_0                   RHS              DOUBLE                          98324 --                                                
 TRANSIENT/DRN_0                   SIMVALS          DOUBLE                          98324 --                                                
 TRANSIENT/DRN_0                   SIMTOMVR         DOUBLE                              0 --                                                
 TRANSIENT/DRN_0                   AUXVAR           DOUBLE                              0 --                                                
 TRANSIENT/RCH_0                   NODELIST         INTEGER                         98324 --                                                
 TRANSIENT/RCH_0                   NOUPDATEAUXVAR   INTEGER                             0 --                                                
 TRANSIENT/RCH_0                   BOUND            DOUBLE                          98324 --                                                
 TRANSIENT/RCH_0                   HCOF             DOUBLE                          98324 --                                                
 TRANSIENT/RCH_0                   RHS              DOUBLE                          98324 --                                                
 TRANSIENT/RCH_0                   SIMVALS          DOUBLE                          98324 --                                                
 TRANSIENT/RCH_0                   SIMTOMVR         DOUBLE                              0 --                                                
 TRANSIENT/RCH_0                   AUXVAR           DOUBLE                              0 --                                                
 SLN_1/IMSLinear                   IOUT             INTEGER                             1 --                                                
 SLN_1/IMSLinear                   ILINMETH         INTEGER                             1 --                                                
 SLN_1/IMSLinear                   ITER1            INTEGER                             1 --                                                
 SLN_1/IMSLinear                   IPC              INTEGER                             1 --                                                
 SLN_1/IMSLinear                   ISCL             INTEGER                             1 --                                                
 SLN_1/IMSLinear                   IORD             INTEGER                             1 --                                                
 SLN_1/IMSLinear                   NORTH            INTEGER                             1 --                                                
 SLN_1/IMSLinear                   ICNVGOPT         INTEGER                             1 --                                                
 SLN_1/IMSLinear                   IACPC            INTEGER                             1 --                                                
 SLN_1/IMSLinear                   NITERC           INTEGER                             1 --                                                
 SLN_1/IMSLinear                   NIABCGS          INTEGER                             1 --                                                
 SLN_1/IMSLinear                   NIAPC            INTEGER                             1 --                                                
 SLN_1/IMSLinear                   NJAPC            INTEGER                             1 --                                                
 SLN_1/IMSLinear                   DVCLOSE          DOUBLE                              1 --                                                
 SLN_1/IMSLinear                   RCLOSE           DOUBLE                              1 --                                                
 SLN_1/IMSLinear                   RELAX            DOUBLE                              1 --                                                
 SLN_1/IMSLinear                   EPFACT           DOUBLE                              1 --                                                
 SLN_1/IMSLinear                   L2NORM0          DOUBLE                              1 --                                                
 SLN_1/IMSLinear                   DROPTOL          DOUBLE                              1 --                                                
 SLN_1/IMSLinear                   LEVEL            INTEGER                             1 --                                                
 SLN_1/IMSLinear                   NJLU             INTEGER                             1 --                                                
 SLN_1/IMSLinear                   NJW              INTEGER                             1 --                                                
 SLN_1/IMSLinear                   NWLU             INTEGER                             1 --                                                
 SLN_1/IMSLinear                   DSCALE           DOUBLE                              1 --                                                
 SLN_1/IMSLinear                   DSCALE2          DOUBLE                              1 --                                                
 SLN_1/IMSLinear                   IAPC             INTEGER                        196649 --                                                
 SLN_1/IMSLinear                   JAPC             INTEGER                       2163128 --                                                
 SLN_1/IMSLinear                   APC              DOUBLE                        2163128 --                                                
 SLN_1/IMSLinear                   IW               INTEGER                        196648 --                                                
 SLN_1/IMSLinear                   W                DOUBLE                         196648 --                                                
 SLN_1/IMSLinear                   JLU              INTEGER                       2163128 --                                                
 SLN_1/IMSLinear                   JW               INTEGER                        393296 --                                                
 SLN_1/IMSLinear                   WLU              DOUBLE                         196649 --                                                
 SLN_1/IMSLinear                   LORDER           INTEGER                             1 --                                                
 SLN_1/IMSLinear                   IORDER           INTEGER                             1 --                                                
 SLN_1/IMSLinear                   IARO             INTEGER                             2 --                                                
 SLN_1/IMSLinear                   JARO             INTEGER                             1 --                                                
 SLN_1/IMSLinear                   ARO              DOUBLE                              1 --                                                
 SLN_1/IMSLinear                   ID               INTEGER                        196648 --                                                
 SLN_1/IMSLinear                   D                DOUBLE                         196648 --                                                
 SLN_1/IMSLinear                   P                DOUBLE                         196648 --                                                
 SLN_1/IMSLinear                   Q                DOUBLE                         196648 --                                                
 SLN_1/IMSLinear                   Z                DOUBLE                         196648 --                                                
 SLN_1/IMSLinear                   T                DOUBLE                         196648 --                                                
 SLN_1/IMSLinear                   V                DOUBLE                         196648 --                                                
 SLN_1/IMSLinear                   DHAT             DOUBLE                         196648 --                                                
 SLN_1/IMSLinear                   PHAT             DOUBLE                         196648 --                                                
 SLN_1/IMSLinear                   QHAT             DOUBLE                         196648 --                                                
 -------------------------------------------------------------------------------------------------------------------------------------------



 MEMORY MANAGER TOTAL STORAGE BY DATA TYPE, IN MEGABYTES
 -------------------------------
                    ALLOCATED   
 DATA TYPE           MEMORY     
 -------------------------------
 Character        2.03300000E-03
 Logical          4.40000000E-05
 Integer          64.184836     
 Real             117.10081     
 -------------------------------
 Total            181.28772     
 -------------------------------


 
 Run end date and time (yyyy/mm/dd hh:mm:ss): 2022/10/31 11:58:23
 Elapsed run time:  1 Minutes, 25.263 Seconds
 Normal termination of simulation.
